<?xml version="1.0" encoding="UTF-8"?>
<!-- Generated by org.testng.reporters.JUnitReportReporter -->
<testsuite hostname="IN-H88K1N3" failures="0" tests="1" name="TestCasesFlipkart.ProductPageTest" time="8.811" errors="0" timestamp="2024-06-18T00:10:48 IST" skipped="0">
  <testcase classname="TestCasesFlipkart.ProductPageTest" name="testProductDetailPage" time="8.811"/>
  <system-out/>
</testsuite> <!-- TestCasesFlipkart.ProductPageTest -->
