<?xml version="1.0" encoding="UTF-8"?>
<!-- Generated by org.testng.reporters.JUnitReportReporter -->
<testsuite hostname="IN-H88K1N3" failures="0" tests="1" name="TestCasesFlipkart.CartTest" time="1.179" errors="0" timestamp="2024-06-18T12:07:05 IST" skipped="0">
  <testcase classname="TestCasesFlipkart.CartTest" name="testCartIsEmptyDefault" time="1.179"/>
  <system-out/>
</testsuite> <!-- TestCasesFlipkart.CartTest -->
